La génération a démarré 17/09/2012 20:52:57.
     1>Projet "C:\Users\Pierre\Documents\GitHub\CICM-Library\hoa.library\hoaRotate\hoa.rotate.vcxproj" sur le nœud 2 (build cible(s)).
     1>InitializeBuildStatus:
         Création de "..\ext_win_release\hoa.rotate.unsuccessfulbuild", car "AlwaysCreate" a été spécifié.
       ClCompile:
         C:\Program Files (x86)\Microsoft Visual Studio 10.0\VC\bin\CL.exe /c /I".\..\..\..\..\SDKs\MaxSDK-6.0.4\c74support\max-includes" /IC:\cygwin\lib /I".\..\..\..\..\SDKs\MaxSDK-6.0.4\c74support\msp-includes" /Zi /nologo /W3 /WX- /Ox /Ob2 /Oi /Ot /Oy /GL /D WIN_VERSION /D WIN32 /D NDEBUG /D _WINDOWS /D _USRDLL /D WIN_EXT_VERSION /D _CRT_NOFORCE_MANIFEST /D _VC80_UPGRADE=0x0700 /D _WINDLL /D _MBCS /GF /Gm- /MD /Zp2 /GS- /Gy- /fp:precise /Zc:wchar_t /Zc:forScope /Fo"..\ext_win_release\\" /Fd"..\ext_win_release\hoa.rotate.pdb" /Gd /TC /analyze- /errorReport:prompt "..\..\..\..\SDKs\MaxSDK-6.0.4\c74support\max-includes\common\dllmain_win.c" ambisonicRotate.cpp "hoa.rotate~.cpp"
         dllmain_win.c
         ambisonicRotate.cpp
     1>c:\users\pierre\documents\github\cicm-library\hoa.library\hoarotate\ambisonicRotate.hpp(20): warning C4067: jetons inattendus après la directive du préprocesseur - saut de ligne attendu
     1>C:\Program Files (x86)\Microsoft Visual Studio 10.0\VC\include\cstdlib(19): error C2054: '(' attendu après 'using'
     1>C:\Program Files (x86)\Microsoft Visual Studio 10.0\VC\include\cstdlib(19): error C2061: erreur de syntaxe : identificateur 'using'
     1>C:\Program Files (x86)\Microsoft Visual Studio 10.0\VC\include\cstdlib(19): error C2054: '(' attendu après 'using'
     1>C:\Program Files (x86)\Microsoft Visual Studio 10.0\VC\include\cstdlib(21): error C2061: erreur de syntaxe : identificateur 'using'
     1>C:\Program Files (x86)\Microsoft Visual Studio 10.0\VC\include\cstdlib(21): error C2061: erreur de syntaxe : identificateur 'abs'
     1>C:\Program Files (x86)\Microsoft Visual Studio 10.0\VC\include\cstdlib(21): error C2059: erreur de syntaxe : ';'
     1>C:\Program Files (x86)\Microsoft Visual Studio 10.0\VC\include\cstdlib(21): error C2061: erreur de syntaxe : identificateur 'atexit'
     1>C:\Program Files (x86)\Microsoft Visual Studio 10.0\VC\include\cstdlib(21): error C2059: erreur de syntaxe : ';'
     1>C:\Program Files (x86)\Microsoft Visual Studio 10.0\VC\include\cstdlib(22): error C2061: erreur de syntaxe : identificateur 'atof'
     1>C:\Program Files (x86)\Microsoft Visual Studio 10.0\VC\include\cstdlib(22): error C2059: erreur de syntaxe : ';'
     1>C:\Program Files (x86)\Microsoft Visual Studio 10.0\VC\include\cstdlib(22): error C2061: erreur de syntaxe : identificateur 'atoi'
     1>C:\Program Files (x86)\Microsoft Visual Studio 10.0\VC\include\cstdlib(22): error C2059: erreur de syntaxe : ';'
     1>C:\Program Files (x86)\Microsoft Visual Studio 10.0\VC\include\cstdlib(22): error C2061: erreur de syntaxe : identificateur 'atol'
     1>C:\Program Files (x86)\Microsoft Visual Studio 10.0\VC\include\cstdlib(22): error C2059: erreur de syntaxe : ';'
     1>C:\Program Files (x86)\Microsoft Visual Studio 10.0\VC\include\cstdlib(23): error C2061: erreur de syntaxe : identificateur 'bsearch'
     1>C:\Program Files (x86)\Microsoft Visual Studio 10.0\VC\include\cstdlib(23): error C2059: erreur de syntaxe : ';'
     1>C:\Program Files (x86)\Microsoft Visual Studio 10.0\VC\include\cstdlib(23): error C2061: erreur de syntaxe : identificateur 'calloc'
     1>C:\Program Files (x86)\Microsoft Visual Studio 10.0\VC\include\cstdlib(23): error C2059: erreur de syntaxe : ';'
     1>C:\Program Files (x86)\Microsoft Visual Studio 10.0\VC\include\cstdlib(23): error C2061: erreur de syntaxe : identificateur 'div'
     1>C:\Program Files (x86)\Microsoft Visual Studio 10.0\VC\include\cstdlib(23): error C2059: erreur de syntaxe : ';'
     1>C:\Program Files (x86)\Microsoft Visual Studio 10.0\VC\include\cstdlib(24): error C2061: erreur de syntaxe : identificateur 'exit'
     1>C:\Program Files (x86)\Microsoft Visual Studio 10.0\VC\include\cstdlib(24): error C2059: erreur de syntaxe : ';'
     1>C:\Program Files (x86)\Microsoft Visual Studio 10.0\VC\include\cstdlib(24): error C2061: erreur de syntaxe : identificateur 'free'
     1>C:\Program Files (x86)\Microsoft Visual Studio 10.0\VC\include\cstdlib(24): error C2059: erreur de syntaxe : ';'
     1>C:\Program Files (x86)\Microsoft Visual Studio 10.0\VC\include\cstdlib(24): error C2061: erreur de syntaxe : identificateur 'getenv'
     1>C:\Program Files (x86)\Microsoft Visual Studio 10.0\VC\include\cstdlib(24): error C2059: erreur de syntaxe : ';'
     1>C:\Program Files (x86)\Microsoft Visual Studio 10.0\VC\include\cstdlib(25): error C2061: erreur de syntaxe : identificateur 'labs'
     1>C:\Program Files (x86)\Microsoft Visual Studio 10.0\VC\include\cstdlib(25): error C2059: erreur de syntaxe : ';'
     1>C:\Program Files (x86)\Microsoft Visual Studio 10.0\VC\include\cstdlib(25): error C2061: erreur de syntaxe : identificateur 'ldiv'
     1>C:\Program Files (x86)\Microsoft Visual Studio 10.0\VC\include\cstdlib(25): error C2059: erreur de syntaxe : ';'
     1>C:\Program Files (x86)\Microsoft Visual Studio 10.0\VC\include\cstdlib(25): error C2061: erreur de syntaxe : identificateur 'malloc'
     1>C:\Program Files (x86)\Microsoft Visual Studio 10.0\VC\include\cstdlib(25): error C2059: erreur de syntaxe : ';'
     1>C:\Program Files (x86)\Microsoft Visual Studio 10.0\VC\include\cstdlib(26): error C2061: erreur de syntaxe : identificateur 'mblen'
     1>C:\Program Files (x86)\Microsoft Visual Studio 10.0\VC\include\cstdlib(26): error C2059: erreur de syntaxe : ';'
     1>C:\Program Files (x86)\Microsoft Visual Studio 10.0\VC\include\cstdlib(26): error C2061: erreur de syntaxe : identificateur 'mbstowcs'
     1>C:\Program Files (x86)\Microsoft Visual Studio 10.0\VC\include\cstdlib(26): error C2059: erreur de syntaxe : ';'
     1>C:\Program Files (x86)\Microsoft Visual Studio 10.0\VC\include\cstdlib(26): error C2061: erreur de syntaxe : identificateur 'mbtowc'
     1>C:\Program Files (x86)\Microsoft Visual Studio 10.0\VC\include\cstdlib(26): error C2059: erreur de syntaxe : ';'
     1>C:\Program Files (x86)\Microsoft Visual Studio 10.0\VC\include\cstdlib(27): error C2061: erreur de syntaxe : identificateur 'qsort'
     1>C:\Program Files (x86)\Microsoft Visual Studio 10.0\VC\include\cstdlib(27): error C2059: erreur de syntaxe : ';'
     1>C:\Program Files (x86)\Microsoft Visual Studio 10.0\VC\include\cstdlib(27): error C2061: erreur de syntaxe : identificateur 'rand'
     1>C:\Program Files (x86)\Microsoft Visual Studio 10.0\VC\include\cstdlib(27): error C2059: erreur de syntaxe : ';'
     1>C:\Program Files (x86)\Microsoft Visual Studio 10.0\VC\include\cstdlib(27): error C2061: erreur de syntaxe : identificateur 'realloc'
     1>C:\Program Files (x86)\Microsoft Visual Studio 10.0\VC\include\cstdlib(27): error C2059: erreur de syntaxe : ';'
     1>C:\Program Files (x86)\Microsoft Visual Studio 10.0\VC\include\cstdlib(28): error C2061: erreur de syntaxe : identificateur 'srand'
     1>C:\Program Files (x86)\Microsoft Visual Studio 10.0\VC\include\cstdlib(28): error C2059: erreur de syntaxe : ';'
     1>C:\Program Files (x86)\Microsoft Visual Studio 10.0\VC\include\cstdlib(28): error C2061: erreur de syntaxe : identificateur 'strtod'
     1>C:\Program Files (x86)\Microsoft Visual Studio 10.0\VC\include\cstdlib(28): error C2059: erreur de syntaxe : ';'
     1>C:\Program Files (x86)\Microsoft Visual Studio 10.0\VC\include\cstdlib(28): error C2061: erreur de syntaxe : identificateur 'strtol'
     1>C:\Program Files (x86)\Microsoft Visual Studio 10.0\VC\include\cstdlib(28): error C2059: erreur de syntaxe : ';'
     1>C:\Program Files (x86)\Microsoft Visual Studio 10.0\VC\include\cstdlib(29): error C2061: erreur de syntaxe : identificateur 'strtoul'
     1>C:\Program Files (x86)\Microsoft Visual Studio 10.0\VC\include\cstdlib(29): error C2059: erreur de syntaxe : ';'
     1>C:\Program Files (x86)\Microsoft Visual Studio 10.0\VC\include\cstdlib(29): error C2061: erreur de syntaxe : identificateur 'system'
     1>C:\Program Files (x86)\Microsoft Visual Studio 10.0\VC\include\cstdlib(29): error C2059: erreur de syntaxe : ';'
     1>C:\Program Files (x86)\Microsoft Visual Studio 10.0\VC\include\cstdlib(30): error C2061: erreur de syntaxe : identificateur 'wcstombs'
     1>C:\Program Files (x86)\Microsoft Visual Studio 10.0\VC\include\cstdlib(30): error C2059: erreur de syntaxe : ';'
     1>C:\Program Files (x86)\Microsoft Visual Studio 10.0\VC\include\cstdlib(30): error C2061: erreur de syntaxe : identificateur 'wctomb'
     1>C:\Program Files (x86)\Microsoft Visual Studio 10.0\VC\include\cstdlib(30): error C2059: erreur de syntaxe : ';'
     1>C:\Program Files (x86)\Microsoft Visual Studio 10.0\VC\include\cstdlib(32): error C2054: '(' attendu après 'using'
     1>C:\Program Files (x86)\Microsoft Visual Studio 10.0\VC\include\cstdlib(34): error C2061: erreur de syntaxe : identificateur 'using'
     1>C:\Program Files (x86)\Microsoft Visual Studio 10.0\VC\include\cstdlib(34): error C2061: erreur de syntaxe : identificateur 'lldiv'
     1>C:\Program Files (x86)\Microsoft Visual Studio 10.0\VC\include\cstdlib(34): error C2059: erreur de syntaxe : ';'
     1>C:\Program Files (x86)\Microsoft Visual Studio 10.0\VC\include\cstddef(18): error C2054: '(' attendu après 'using'
     1>C:\Program Files (x86)\Microsoft Visual Studio 10.0\VC\include\cstddef(18): error C2061: erreur de syntaxe : identificateur 'using'
     1>C:\Program Files (x86)\Microsoft Visual Studio 10.0\VC\include\xstddef(78): error C2143: erreur de syntaxe : absence de '{' avant '<'
     1>C:\Program Files (x86)\Microsoft Visual Studio 10.0\VC\include\xstddef(78): error C2059: erreur de syntaxe : '<'
     1>C:\Program Files (x86)\Microsoft Visual Studio 10.0\VC\include\xstddef(87): error C2143: erreur de syntaxe : absence de '{' avant '<'
     1>C:\Program Files (x86)\Microsoft Visual Studio 10.0\VC\include\xstddef(87): error C2059: erreur de syntaxe : '<'
     1>C:\Program Files (x86)\Microsoft Visual Studio 10.0\VC\include\xstddef(98): error C2061: erreur de syntaxe : identificateur 'tr1'
     1>C:\Program Files (x86)\Microsoft Visual Studio 10.0\VC\include\xstddef(98): error C2059: erreur de syntaxe : ';'
     1>C:\Program Files (x86)\Microsoft Visual Studio 10.0\VC\include\xstddef(98): error C2449: trouvé '{' au niveau de la portée du fichier (en-tête de fonction manquant ?)
     1>C:\Program Files (x86)\Microsoft Visual Studio 10.0\VC\include\xstddef(101): error C2059: erreur de syntaxe : '}'
     1>C:\Program Files (x86)\Microsoft Visual Studio 10.0\VC\include\xstddef(125): error C2143: erreur de syntaxe : absence de '{' avant ':'
     1>C:\Program Files (x86)\Microsoft Visual Studio 10.0\VC\include\xstddef(125): error C2059: erreur de syntaxe : ':'
     1>C:\Program Files (x86)\Microsoft Visual Studio 10.0\VC\include\xstddef(132): error C2143: erreur de syntaxe : absence de '{' avant '<'
     1>C:\Program Files (x86)\Microsoft Visual Studio 10.0\VC\include\xstddef(132): error C2059: erreur de syntaxe : '<'
     1>C:\Program Files (x86)\Microsoft Visual Studio 10.0\VC\include\xstddef(141): error C2143: erreur de syntaxe : absence de '{' avant '<'
     1>C:\Program Files (x86)\Microsoft Visual Studio 10.0\VC\include\xstddef(141): error C2059: erreur de syntaxe : '<'
     1>C:\Program Files (x86)\Microsoft Visual Studio 10.0\VC\include\eh.h(26): fatal error C1189: #error :  "eh.h is only for C++!"
         hoa.rotate~.cpp
     1>hoa.rotate~.cpp(20): error C2059: erreur de syntaxe : 'chaîne'
     1>c:\users\pierre\documents\github\cicm-library\hoa.library\hoarotate\ambisonicRotate.hpp(20): warning C4067: jetons inattendus après la directive du préprocesseur - saut de ligne attendu
     1>C:\Program Files (x86)\Microsoft Visual Studio 10.0\VC\include\cstdlib(19): error C2061: erreur de syntaxe : identificateur 'size_t'
     1>C:\Program Files (x86)\Microsoft Visual Studio 10.0\VC\include\cstdlib(19): error C2059: erreur de syntaxe : ';'
     1>C:\Program Files (x86)\Microsoft Visual Studio 10.0\VC\include\cstdlib(19): error C2061: erreur de syntaxe : identificateur 'div_t'
     1>C:\Program Files (x86)\Microsoft Visual Studio 10.0\VC\include\cstdlib(19): error C2059: erreur de syntaxe : ';'
     1>C:\Program Files (x86)\Microsoft Visual Studio 10.0\VC\include\cstdlib(19): error C2061: erreur de syntaxe : identificateur 'ldiv_t'
     1>C:\Program Files (x86)\Microsoft Visual Studio 10.0\VC\include\cstdlib(19): error C2059: erreur de syntaxe : ';'
     1>C:\Program Files (x86)\Microsoft Visual Studio 10.0\VC\include\cstdlib(21): error C2061: erreur de syntaxe : identificateur 'abort'
     1>C:\Program Files (x86)\Microsoft Visual Studio 10.0\VC\include\cstdlib(21): error C2059: erreur de syntaxe : ';'
     1>C:\Program Files (x86)\Microsoft Visual Studio 10.0\VC\include\cstdlib(21): error C2061: erreur de syntaxe : identificateur 'abs'
     1>C:\Program Files (x86)\Microsoft Visual Studio 10.0\VC\include\cstdlib(21): error C2059: erreur de syntaxe : ';'
     1>C:\Program Files (x86)\Microsoft Visual Studio 10.0\VC\include\cstdlib(21): error C2061: erreur de syntaxe : identificateur 'atexit'
     1>C:\Program Files (x86)\Microsoft Visual Studio 10.0\VC\include\cstdlib(21): error C2059: erreur de syntaxe : ';'
     1>C:\Program Files (x86)\Microsoft Visual Studio 10.0\VC\include\cstdlib(22): error C2061: erreur de syntaxe : identificateur 'atof'
     1>C:\Program Files (x86)\Microsoft Visual Studio 10.0\VC\include\cstdlib(22): error C2059: erreur de syntaxe : ';'
     1>C:\Program Files (x86)\Microsoft Visual Studio 10.0\VC\include\cstdlib(22): error C2061: erreur de syntaxe : identificateur 'atoi'
     1>C:\Program Files (x86)\Microsoft Visual Studio 10.0\VC\include\cstdlib(22): error C2059: erreur de syntaxe : ';'
     1>C:\Program Files (x86)\Microsoft Visual Studio 10.0\VC\include\cstdlib(22): error C2061: erreur de syntaxe : identificateur 'atol'
     1>C:\Program Files (x86)\Microsoft Visual Studio 10.0\VC\include\cstdlib(22): error C2059: erreur de syntaxe : ';'
     1>C:\Program Files (x86)\Microsoft Visual Studio 10.0\VC\include\cstdlib(23): error C2061: erreur de syntaxe : identificateur 'bsearch'
     1>C:\Program Files (x86)\Microsoft Visual Studio 10.0\VC\include\cstdlib(23): error C2059: erreur de syntaxe : ';'
     1>C:\Program Files (x86)\Microsoft Visual Studio 10.0\VC\include\cstdlib(23): error C2061: erreur de syntaxe : identificateur 'calloc'
     1>C:\Program Files (x86)\Microsoft Visual Studio 10.0\VC\include\cstdlib(23): error C2059: erreur de syntaxe : ';'
     1>C:\Program Files (x86)\Microsoft Visual Studio 10.0\VC\include\cstdlib(23): error C2061: erreur de syntaxe : identificateur 'div'
     1>C:\Program Files (x86)\Microsoft Visual Studio 10.0\VC\include\cstdlib(23): error C2059: erreur de syntaxe : ';'
     1>C:\Program Files (x86)\Microsoft Visual Studio 10.0\VC\include\cstdlib(24): error C2061: erreur de syntaxe : identificateur 'exit'
     1>C:\Program Files (x86)\Microsoft Visual Studio 10.0\VC\include\cstdlib(24): error C2059: erreur de syntaxe : ';'
     1>C:\Program Files (x86)\Microsoft Visual Studio 10.0\VC\include\cstdlib(24): error C2061: erreur de syntaxe : identificateur 'free'
     1>C:\Program Files (x86)\Microsoft Visual Studio 10.0\VC\include\cstdlib(24): error C2059: erreur de syntaxe : ';'
     1>C:\Program Files (x86)\Microsoft Visual Studio 10.0\VC\include\cstdlib(24): error C2061: erreur de syntaxe : identificateur 'getenv'
     1>C:\Program Files (x86)\Microsoft Visual Studio 10.0\VC\include\cstdlib(24): error C2059: erreur de syntaxe : ';'
     1>C:\Program Files (x86)\Microsoft Visual Studio 10.0\VC\include\cstdlib(25): error C2061: erreur de syntaxe : identificateur 'labs'
     1>C:\Program Files (x86)\Microsoft Visual Studio 10.0\VC\include\cstdlib(25): error C2059: erreur de syntaxe : ';'
     1>C:\Program Files (x86)\Microsoft Visual Studio 10.0\VC\include\cstdlib(25): error C2061: erreur de syntaxe : identificateur 'ldiv'
     1>C:\Program Files (x86)\Microsoft Visual Studio 10.0\VC\include\cstdlib(25): error C2059: erreur de syntaxe : ';'
     1>C:\Program Files (x86)\Microsoft Visual Studio 10.0\VC\include\cstdlib(25): error C2061: erreur de syntaxe : identificateur 'malloc'
     1>C:\Program Files (x86)\Microsoft Visual Studio 10.0\VC\include\cstdlib(25): error C2059: erreur de syntaxe : ';'
     1>C:\Program Files (x86)\Microsoft Visual Studio 10.0\VC\include\cstdlib(26): error C2061: erreur de syntaxe : identificateur 'mblen'
     1>C:\Program Files (x86)\Microsoft Visual Studio 10.0\VC\include\cstdlib(26): error C2059: erreur de syntaxe : ';'
     1>C:\Program Files (x86)\Microsoft Visual Studio 10.0\VC\include\cstdlib(26): error C2061: erreur de syntaxe : identificateur 'mbstowcs'
     1>C:\Program Files (x86)\Microsoft Visual Studio 10.0\VC\include\cstdlib(26): error C2059: erreur de syntaxe : ';'
     1>C:\Program Files (x86)\Microsoft Visual Studio 10.0\VC\include\cstdlib(26): error C2061: erreur de syntaxe : identificateur 'mbtowc'
     1>C:\Program Files (x86)\Microsoft Visual Studio 10.0\VC\include\cstdlib(26): error C2059: erreur de syntaxe : ';'
     1>C:\Program Files (x86)\Microsoft Visual Studio 10.0\VC\include\cstdlib(27): error C2061: erreur de syntaxe : identificateur 'qsort'
     1>C:\Program Files (x86)\Microsoft Visual Studio 10.0\VC\include\cstdlib(27): error C2059: erreur de syntaxe : ';'
     1>C:\Program Files (x86)\Microsoft Visual Studio 10.0\VC\include\cstdlib(27): error C2061: erreur de syntaxe : identificateur 'rand'
     1>C:\Program Files (x86)\Microsoft Visual Studio 10.0\VC\include\cstdlib(27): error C2059: erreur de syntaxe : ';'
     1>C:\Program Files (x86)\Microsoft Visual Studio 10.0\VC\include\cstdlib(27): error C2061: erreur de syntaxe : identificateur 'realloc'
     1>C:\Program Files (x86)\Microsoft Visual Studio 10.0\VC\include\cstdlib(27): error C2059: erreur de syntaxe : ';'
     1>C:\Program Files (x86)\Microsoft Visual Studio 10.0\VC\include\cstdlib(28): error C2061: erreur de syntaxe : identificateur 'srand'
     1>C:\Program Files (x86)\Microsoft Visual Studio 10.0\VC\include\cstdlib(28): error C2059: erreur de syntaxe : ';'
     1>C:\Program Files (x86)\Microsoft Visual Studio 10.0\VC\include\cstdlib(28): error C2061: erreur de syntaxe : identificateur 'strtod'
     1>C:\Program Files (x86)\Microsoft Visual Studio 10.0\VC\include\cstdlib(28): error C2059: erreur de syntaxe : ';'
     1>C:\Program Files (x86)\Microsoft Visual Studio 10.0\VC\include\cstdlib(28): error C2061: erreur de syntaxe : identificateur 'strtol'
     1>C:\Program Files (x86)\Microsoft Visual Studio 10.0\VC\include\cstdlib(28): error C2059: erreur de syntaxe : ';'
     1>C:\Program Files (x86)\Microsoft Visual Studio 10.0\VC\include\cstdlib(29): error C2061: erreur de syntaxe : identificateur 'strtoul'
     1>C:\Program Files (x86)\Microsoft Visual Studio 10.0\VC\include\cstdlib(29): error C2059: erreur de syntaxe : ';'
     1>C:\Program Files (x86)\Microsoft Visual Studio 10.0\VC\include\cstdlib(29): error C2061: erreur de syntaxe : identificateur 'system'
     1>C:\Program Files (x86)\Microsoft Visual Studio 10.0\VC\include\cstdlib(29): error C2059: erreur de syntaxe : ';'
     1>C:\Program Files (x86)\Microsoft Visual Studio 10.0\VC\include\cstdlib(30): error C2061: erreur de syntaxe : identificateur 'wcstombs'
     1>C:\Program Files (x86)\Microsoft Visual Studio 10.0\VC\include\cstdlib(30): error C2059: erreur de syntaxe : ';'
     1>C:\Program Files (x86)\Microsoft Visual Studio 10.0\VC\include\cstdlib(30): error C2061: erreur de syntaxe : identificateur 'wctomb'
     1>C:\Program Files (x86)\Microsoft Visual Studio 10.0\VC\include\cstdlib(30): error C2059: erreur de syntaxe : ';'
     1>C:\Program Files (x86)\Microsoft Visual Studio 10.0\VC\include\cstdlib(32): error C2061: erreur de syntaxe : identificateur 'lldiv_t'
     1>C:\Program Files (x86)\Microsoft Visual Studio 10.0\VC\include\cstdlib(32): error C2059: erreur de syntaxe : ';'
     1>C:\Program Files (x86)\Microsoft Visual Studio 10.0\VC\include\cstdlib(34): error C2061: erreur de syntaxe : identificateur 'llabs'
     1>C:\Program Files (x86)\Microsoft Visual Studio 10.0\VC\include\cstdlib(34): error C2059: erreur de syntaxe : ';'
     1>C:\Program Files (x86)\Microsoft Visual Studio 10.0\VC\include\cstdlib(34): error C2061: erreur de syntaxe : identificateur 'lldiv'
     1>C:\Program Files (x86)\Microsoft Visual Studio 10.0\VC\include\cstdlib(34): error C2059: erreur de syntaxe : ';'
     1>C:\Program Files (x86)\Microsoft Visual Studio 10.0\VC\include\stddef.h(75): error C2143: erreur de syntaxe : absence de '{' avant '__cdecl'
     1>C:\Program Files (x86)\Microsoft Visual Studio 10.0\VC\include\cstddef(18): error C2061: erreur de syntaxe : identificateur 'ptrdiff_t'
     1>C:\Program Files (x86)\Microsoft Visual Studio 10.0\VC\include\cstddef(18): error C2059: erreur de syntaxe : ';'
     1>C:\Program Files (x86)\Microsoft Visual Studio 10.0\VC\include\cstddef(18): error C2061: erreur de syntaxe : identificateur 'size_t'
     1>C:\Program Files (x86)\Microsoft Visual Studio 10.0\VC\include\cstddef(18): error C2059: erreur de syntaxe : ';'
     1>C:\Program Files (x86)\Microsoft Visual Studio 10.0\VC\include\xstddef(78): error C2143: erreur de syntaxe : absence de '{' avant '<'
     1>C:\Program Files (x86)\Microsoft Visual Studio 10.0\VC\include\xstddef(78): error C2059: erreur de syntaxe : '<'
     1>C:\Program Files (x86)\Microsoft Visual Studio 10.0\VC\include\xstddef(87): error C2143: erreur de syntaxe : absence de '{' avant '<'
     1>C:\Program Files (x86)\Microsoft Visual Studio 10.0\VC\include\xstddef(87): error C2059: erreur de syntaxe : '<'
     1>C:\Program Files (x86)\Microsoft Visual Studio 10.0\VC\include\xstddef(98): error C2061: erreur de syntaxe : identificateur 'tr1'
     1>C:\Program Files (x86)\Microsoft Visual Studio 10.0\VC\include\xstddef(98): error C2059: erreur de syntaxe : ';'
     1>C:\Program Files (x86)\Microsoft Visual Studio 10.0\VC\include\xstddef(98): error C2449: trouvé '{' au niveau de la portée du fichier (en-tête de fonction manquant ?)
     1>C:\Program Files (x86)\Microsoft Visual Studio 10.0\VC\include\xstddef(101): error C2059: erreur de syntaxe : '}'
     1>C:\Program Files (x86)\Microsoft Visual Studio 10.0\VC\include\xstddef(125): error C2143: erreur de syntaxe : absence de '{' avant ':'
     1>C:\Program Files (x86)\Microsoft Visual Studio 10.0\VC\include\xstddef(125): error C2059: erreur de syntaxe : ':'
     1>C:\Program Files (x86)\Microsoft Visual Studio 10.0\VC\include\xstddef(132): error C2143: erreur de syntaxe : absence de '{' avant '<'
     1>C:\Program Files (x86)\Microsoft Visual Studio 10.0\VC\include\xstddef(132): error C2059: erreur de syntaxe : '<'
     1>C:\Program Files (x86)\Microsoft Visual Studio 10.0\VC\include\xstddef(141): error C2143: erreur de syntaxe : absence de '{' avant '<'
     1>C:\Program Files (x86)\Microsoft Visual Studio 10.0\VC\include\xstddef(141): error C2059: erreur de syntaxe : '<'
     1>C:\Program Files (x86)\Microsoft Visual Studio 10.0\VC\include\eh.h(26): fatal error C1189: #error :  "eh.h is only for C++!"
     1>Génération du projet "C:\Users\Pierre\Documents\GitHub\CICM-Library\hoa.library\hoaRotate\hoa.rotate.vcxproj" terminée (build cible(s)) -- ÉCHEC.

ÉCHEC de la build.

Temps écoulé 00:00:00.56
